We are starting on node: spool0112.sdcc.bnl.gov
HOME is not defined
Using getent method
HOME is now /star/u/licenrob
61762 We will spawn ourselves (/star/u/licenrob/licenrob/jets/starSubmit/2_create_response_matrices/tmp/sched3F4148D82240C855D572AFA4E5034710_0.csh )
61762 We BEGIN on [Wed Dec 14 19:00:23 EST 2022]
[1] 61997
61762 We are waiting for 61997 
61762 Grandchild PID is 62222 - found in 10 x 1 seconds
61762 Establishing first watcher   on    Wed Dec 14 19:00:35 EST 2022
61762 Process tree is 61762 (main) -> 61997 (child) -> 62222 (grandchild)
F S   UID    PID   PPID  C PRI  NI ADDR SZ WCHAN  TTY        TIME CMD
0 R 11557  62222  61997 83  80   0 - 125437 -     ?          0:09 root4star -l StRoot/macros/loadSharedHFLibraries.C StRoot/macros/response_matrix/buildResponseROO.C -q -b
61997 Stepping into the main SUMS wrapper program with []
.... building sandbox
Swapping $FILELIST with: /tmp/licenrob/3F4148D82240C855D572AFA4E5034710_0/INPUTFILES/3F4148D82240C855D572AFA4E5034710_0.local.list
+++++++++++local copy debug++++++++++++++++++++
newFileList: /tmp/licenrob/3F4148D82240C855D572AFA4E5034710_0/INPUTFILES/3F4148D82240C855D572AFA4E5034710_0.local.list
++++++++++++++++cat FILELIST+++++++++++++++++++
++++++++++++++++++++find.++++++++++++++++++++++
.
./INPUTFILES
./INPUTFILES/3F4148D82240C855D572AFA4E5034710_0.local.list
./.output.log
./.errror.log
./buildResponseROO.C
./.sandboxFiles
++++++++++++++++INPUTFILE Var++++++++++++++++++
FILELIST=/tmp/licenrob/3F4148D82240C855D572AFA4E5034710_0/INPUTFILES/3F4148D82240C855D572AFA4E5034710_0.local.list
INPUTFILECOUNT=0
LocalInputFileDir=/tmp/licenrob/3F4148D82240C855D572AFA4E5034710_0/INPUTFILES
NewFILELIST=/tmp/licenrob/3F4148D82240C855D572AFA4E5034710_0/INPUTFILES/3F4148D82240C855D572AFA4E5034710_0.local.list
+++++++++++++++++++++++++++++++++++++++++++++++
--------------------------------
Simple Unified Meta Scheduler 1.10.50 we are starting in $SCRATCH : /home/tmp/licenrob/3F4148D82240C855D572AFA4E5034710_0
--------------------------------
total 8
lrwxrwxrwx 1 licenrob rhstar   79 Dec 14 19:00 buildResponseROO.C -> /gpfs01/star/pwg/licenrob/jets/StRoot/macros/response_matrix/buildResponseROO.C
drwxr-xr-x 2 licenrob rhstar 4096 Dec 14 19:00 INPUTFILES
/gpfs01/star/pwg/licenrob/jets
*** Float Point Exception is OFF ***
 *** Start at Date : Wed Dec 14 19:00:25 2022
QAInfo:You are using STAR_LEVEL : SL19c, ROOT_LEVEL : 5.34.30 and node : spool0112.sdcc.bnl.gov 

Processing StRoot/macros/loadSharedHFLibraries.C...
strangeArrayNames-arrayNames-__NARRAYS__ = 0
 loading of shared libraries done
 loading of shared HF libraries are done
Processing StRoot/macros/response_matrix/buildResponseROO.C...
reading input file /gpfs01/star/pwg/licenrob/jets/pythiaRM/pythia6_normalized_combined_response_embed.root
reading prior file: /gpfs01/star/pwg/licenrob/jets/responseM_HT2/prior/priors_mtsalis.root
priorL: gammapol_1
prior: gammapol_1
priorL: gammapol_2
prior: gammapol_2
priorL: gammapol_3
prior: gammapol_3
priorL: gammapol_4
prior: gammapol_4
priorL: gammapol_5
prior: gammapol_5
priorL: gauspol_1
prior: gauspol_1
priorL: gauspol_2
prior: gauspol_2
priorL: gauspol_3
prior: gauspol_3
priorL: gauspol_4
prior: gauspol_4
priorL: gauspol_5
prior: gauspol_5
EVENT:0
EVENT:1000000
EVENT:2000000
EVENT:3000000
EVENT:4000000
EVENT:5000000
EVENT:6000000
EVENT:7000000
EVENT:8000000
EVENT:9000000
EVENT:10000000
EVENT:11000000
EVENT:12000000
EVENT:13000000
EVENT:14000000
EVENT:15000000
EVENT:16000000
EVENT:17000000
EVENT:18000000
EVENT:19000000
EVENT:20000000
EVENT:21000000
EVENT:22000000
EVENT:23000000
EVENT:24000000
EVENT:25000000
EVENT:26000000
EVENT:27000000
EVENT:28000000
EVENT:29000000
EVENT:30000000
EVENT:31000000
EVENT:32000000
EVENT:33000000
EVENT:34000000
EVENT:35000000
EVENT:36000000
EVENT:37000000
EVENT:38000000
EVENT:39000000
EVENT:40000000
EVENT:41000000
EVENT:42000000
EVENT:43000000
EVENT:44000000
EVENT:45000000
EVENT:46000000
EVENT:47000000
EVENT:48000000
EVENT:49000000
EVENT:50000000
EVENT:51000000
EVENT:52000000
EVENT:53000000
EVENT:54000000
EVENT:55000000
EVENT:56000000
EVENT:57000000
EVENT:58000000
EVENT:59000000
EVENT:60000000
EVENT:61000000
EVENT:62000000
EVENT:63000000
EVENT:64000000
EVENT:65000000
EVENT:66000000
EVENT:67000000
EVENT:68000000
EVENT:69000000
EVENT:70000000
EVENT:71000000
EVENT:72000000
EVENT:73000000
EVENT:74000000
EVENT:75000000
EVENT:76000000
EVENT:77000000
EVENT:78000000
EVENT:79000000
EVENT:80000000
EVENT:81000000
EVENT:82000000
EVENT:83000000
EVENT:84000000
EVENT:85000000
EVENT:86000000
EVENT:87000000
EVENT:88000000
EVENT:89000000
EVENT:90000000
EVENT:91000000
EVENT:92000000
EVENT:93000000
EVENT:94000000
EVENT:95000000
EVENT:96000000
EVENT:97000000
EVENT:98000000
EVENT:99000000
EVENT:100000000
EVENT:101000000
EVENT:102000000
EVENT:103000000
EVENT:104000000
EVENT:105000000
EVENT:106000000
EVENT:107000000
EVENT:108000000
EVENT:109000000
EVENT:110000000
EVENT:111000000
EVENT:112000000
EVENT:113000000
EVENT:114000000
EVENT:115000000
EVENT:116000000
EVENT:117000000
EVENT:118000000
EVENT:119000000
EVENT:120000000
EVENT:121000000
EVENT:122000000
EVENT:123000000
EVENT:124000000
EVENT:125000000
EVENT:126000000
EVENT:127000000
EVENT:128000000
EVENT:129000000
EVENT:130000000
EVENT:131000000
EVENT:132000000
EVENT:133000000
EVENT:134000000
EVENT:135000000
EVENT:136000000
EVENT:137000000
EVENT:138000000
EVENT:139000000
EVENT:140000000
EVENT:141000000
EVENT:142000000
EVENT:143000000
EVENT:144000000
EVENT:145000000
EVENT:146000000
EVENT:147000000
EVENT:148000000
EVENT:149000000
EVENT:150000000
EVENT:151000000
EVENT:152000000
EVENT:153000000
EVENT:154000000
EVENT:155000000
EVENT:156000000
EVENT:157000000
EVENT:158000000
EVENT:159000000
EVENT:160000000
EVENT:161000000
EVENT:162000000
EVENT:163000000
EVENT:164000000
EVENT:165000000
EVENT:166000000
EVENT:167000000
EVENT:168000000
EVENT:169000000
EVENT:170000000
EVENT:171000000
EVENT:172000000
EVENT:173000000
EVENT:174000000
EVENT:175000000
EVENT:176000000
EVENT:177000000
EVENT:178000000
EVENT:179000000
EVENT:180000000
EVENT:181000000
EVENT:182000000
EVENT:183000000
EVENT:184000000
EVENT:185000000
EVENT:186000000
EVENT:187000000
EVENT:188000000
EVENT:189000000
EVENT:190000000
EVENT:191000000
EVENT:192000000
EVENT:193000000
EVENT:194000000
EVENT:195000000
EVENT:196000000
EVENT:197000000
EVENT:198000000
EVENT:199000000
EVENT:200000000
EVENT:201000000
EVENT:202000000
EVENT:203000000
EVENT:204000000
EVENT:205000000
EVENT:206000000
EVENT:207000000
EVENT:208000000
EVENT:209000000
EVENT:210000000
EVENT:211000000
EVENT:212000000
EVENT:213000000
EVENT:214000000
EVENT:215000000
EVENT:216000000
EVENT:217000000
EVENT:218000000
EVENT:219000000
EVENT:220000000
EVENT:221000000
EVENT:222000000
EVENT:223000000
EVENT:224000000
EVENT:225000000
EVENT:226000000
EVENT:227000000
EVENT:228000000
EVENT:229000000
EVENT:230000000
EVENT:231000000
EVENT:232000000
EVENT:233000000
EVENT:234000000
EVENT:235000000
EVENT:236000000
EVENT:237000000
EVENT:238000000
EVENT:239000000
EVENT:240000000
EVENT:241000000
EVENT:242000000
EVENT:243000000
EVENT:244000000
EVENT:245000000
EVENT:246000000
EVENT:247000000
EVENT:248000000
EVENT:249000000
EVENT:250000000
EVENT:251000000
EVENT:252000000
EVENT:253000000
EVENT:254000000
EVENT:255000000
EVENT:256000000
EVENT:257000000
EVENT:258000000
EVENT:259000000
EVENT:260000000
EVENT:261000000
EVENT:262000000
EVENT:263000000
EVENT:264000000
EVENT:265000000
EVENT:266000000
EVENT:267000000
EVENT:268000000
EVENT:269000000
EVENT:270000000
EVENT:271000000
EVENT:272000000
EVENT:273000000
EVENT:274000000
EVENT:275000000
EVENT:276000000
EVENT:277000000
EVENT:278000000
EVENT:279000000
EVENT:280000000
EVENT:281000000
EVENT:282000000
EVENT:283000000
EVENT:284000000
EVENT:285000000
EVENT:286000000
EVENT:287000000
EVENT:288000000
EVENT:289000000
EVENT:290000000
EVENT:291000000
EVENT:292000000
EVENT:293000000
EVENT:294000000
EVENT:295000000
EVENT:296000000
EVENT:297000000
EVENT:298000000
EVENT:299000000
EVENT:300000000
EVENT:301000000
EVENT:302000000
EVENT:303000000
EVENT:304000000
EVENT:305000000
EVENT:306000000
EVENT:307000000
EVENT:308000000
EVENT:309000000
EVENT:310000000
EVENT:311000000
EVENT:312000000
EVENT:313000000
EVENT:314000000
EVENT:315000000
EVENT:316000000
EVENT:317000000
EVENT:318000000
EVENT:319000000
EVENT:320000000
EVENT:321000000
EVENT:322000000
EVENT:323000000
EVENT:324000000
EVENT:325000000
EVENT:326000000
EVENT:327000000
EVENT:328000000
EVENT:329000000
EVENT:330000000
EVENT:331000000
EVENT:332000000
EVENT:333000000
EVENT:334000000
EVENT:335000000
EVENT:336000000
EVENT:337000000
EVENT:338000000
EVENT:339000000
EVENT:340000000
EVENT:341000000
EVENT:342000000
EVENT:343000000
EVENT:344000000
EVENT:345000000
EVENT:346000000
EVENT:347000000
EVENT:348000000
EVENT:349000000
EVENT:350000000
EVENT:351000000
EVENT:352000000
EVENT:353000000
EVENT:354000000
EVENT:355000000
EVENT:356000000
EVENT:357000000
EVENT:358000000
EVENT:359000000
EVENT:360000000
EVENT:361000000
EVENT:362000000
EVENT:363000000
EVENT:364000000
EVENT:365000000
EVENT:366000000
EVENT:367000000
EVENT:368000000
EVENT:369000000
EVENT:370000000
EVENT:371000000
EVENT:372000000
EVENT:373000000
EVENT:374000000
EVENT:375000000
EVENT:376000000
EVENT:377000000
EVENT:378000000
EVENT:379000000
EVENT:380000000
EVENT:381000000
EVENT:382000000
EVENT:383000000
EVENT:384000000
EVENT:385000000
EVENT:386000000
EVENT:387000000
EVENT:388000000
EVENT:389000000
EVENT:390000000
EVENT:391000000
EVENT:392000000
EVENT:393000000
EVENT:394000000
EVENT:395000000
EVENT:396000000
EVENT:397000000
EVENT:398000000
EVENT:399000000
All events saved!
All events saved!
All events saved!
All events saved!
All events saved!
All events saved!
All events saved!
All events saved!
All events saved!
All events saved!

This is the end of ROOT -- Goodbye

Cleaning up sandbox file:  /tmp/licenrob/3F4148D82240C855D572AFA4E5034710_0/buildResponseROO.C
Cleaning up sandbox file:  /tmp/licenrob/3F4148D82240C855D572AFA4E5034710_0/.sandboxFiles
Error: Scheduler could not find any files in $SCRATCH matching your <output> tag fromScratch value: *.root 
61762 Execution of (/star/u/licenrob/licenrob/jets/starSubmit/2_create_response_matrices/tmp/sched3F4148D82240C855D572AFA4E5034710_0.csh ) has ended, exiting normally
61762 We END on [Wed Dec 14 23:38:33 EST 2022]
