A /.cvsignore/1.1/Sat Nov  7 02:45:00 1998//
A D/RTS////
A D/StAnalysisMaker////
A D/StAnalysisUtilities////
A D/StAngleCorrMaker////
A D/StAssociationMaker////
A D/StBFChain////
A D/StBTofCalibMaker////
A D/StBTofHitMaker////
A D/StBTofMatchMaker////
A D/StBTofMixerMaker////
A D/StBTofPool////
A D/StBTofSimMaker////
A D/StBTofUtil////
A D/StBbcSimulationMaker////
A D/StBeamBackMaker////
A D/StBichsel////
A D/StChain////
A D/StChallenger////
A D/StChargeStepMaker////
A D/StClusterDisplayMaker////
A D/StDAQMaker////
A D/StDaqClfMaker////
A D/StDaqLib////
A D/StDataFilterMaker////
A D/StDbBroker////
A D/StDbLib////
A D/StDbUtilities////
A D/StDetectorDbMaker////
A D/StEEmcDataMaker////
A D/StEEmcDbMaker////
A D/StEEmcPool////
A D/StEEmcSimulatorMaker////
A D/StEEmcUtil////
A D/StEStructPool////
A D/StETofCalibMaker////
A D/StETofDigiMaker////
A D/StETofHitMaker////
A D/StETofMatchMaker////
A D/StETofQAMaker////
A D/StETofUtil////
A D/StEbye2ptMaker////
A D/StEbyeDSTMaker////
A D/StEbyePool////
A D/StEbyeScaTagsMaker////
A D/StEmbeddingUtilities////
A D/StEmcADCtoEMaker////
A D/StEmcCalibrationMaker////
A D/StEmcMixerMaker////
A D/StEmcPool////
A D/StEmcRawMaker////
A D/StEmcSimulatorMaker////
A D/StEmcTriggerMaker////
A D/StEpcMaker////
A D/StEpdDbMaker////
A D/StEpdHitMaker////
A D/StEpdUtil////
A D/StEreadMaker////
A D/StEstMaker////
A D/StEtrFastSimMaker////
A D/StEvent////
A D/StEventCompendiumMaker////
A D/StEventDisplayMaker////
A D/StEventDstMaker////
A D/StEventMaker////
A D/StEventUtilities////
A D/StFcsFastSimulatorMaker////
A D/StFgtA2CMaker////
A D/StFgtClusterMaker////
A D/StFgtDbMaker////
A D/StFgtPointMaker////
A D/StFgtPool////
A D/StFgtRawMaker////
A D/StFgtSimulatorMaker////
A D/StFgtUtil////
A D/StFilterMaker////
A D/StFlowAnalysisMaker////
A D/StFlowMaker////
A D/StFlowTagMaker////
A D/StFmsDbMaker////
A D/StFmsFastSimulatorMaker////
A D/StFmsFpsMaker////
A D/StFmsHitMaker////
A D/StFmsPointMaker////
A D/StFmsUtil////
A D/StFpdMaker////
A D/StFpsRawHitMaker////
A D/StFstSimMaker////
A D/StFtpcCalibMaker////
A D/StFtpcClusterMaker////
A D/StFtpcDriftMapMaker////
A D/StFtpcMixerMaker////
A D/StFtpcSlowSimMaker////
A D/StFtpcTrackMaker////
A D/StFtpcV0Maker////
A D/StFttSimMaker////
A D/StFwdTrackMaker////
A D/StGammaMaker////
A D/StGenericVertexMaker////
A D/StGridCollector////
A D/StHbtMaker////
A D/StHeavyTagMaker////
A D/StHighPtTagsMaker////
A D/StHighptPool////
A D/StHitFilterMaker////
A D/StHltMaker////
A D/StIOMaker////
A D/StIstClusterMaker////
A D/StIstDbMaker////
A D/StIstHitMaker////
A D/StIstRawHitMaker////
A D/StIstSimMaker////
A D/StIstUtil////
A D/StJetFinder////
A D/StJetMaker////
A D/StLaserAnalysisMaker////
A D/StLaserEvent////
A D/StLaserEventMaker////
A D/StMCFilter////
A D/StMSJPsiAnalysisMaker////
A D/StMagF////
A D/StMcAnalysisMaker////
A D/StMcConfigMaker////
A D/StMcEvent////
A D/StMcEventMaker////
A D/StMcQaMaker////
A D/StMiniDstMaker////
A D/StMiniMcEvent////
A D/StMiniMcMaker////
A D/StMinidaqMaker////
A D/StMixerMaker////
A D/StMtdCalibMaker////
A D/StMtdEvtFilterMaker////
A D/StMtdHitMaker////
A D/StMtdMatchMaker////
A D/StMtdQAMaker////
A D/StMtdSimMaker////
A D/StMtdUtil////
A D/StMuAnalysisMaker////
A D/StMuDSTMaker////
A D/StPCollTagMaker////
A D/StPass0CalibMaker////
A D/StPeCMaker////
A D/StPicoDstMaker////
A D/StPicoEvent////
A D/StPidAmpMaker////
A D/StPixelFastSimMaker////
A D/StPmdCalibrationMaker////
A D/StPmdClusterMaker////
A D/StPmdDiscriminatorMaker////
A D/StPmdReadMaker////
A D/StPmdSimulatorMaker////
A D/StPmdUtil////
A D/StPreEclMaker////
A D/StPxlClusterMaker////
A D/StPxlDbMaker////
A D/StPxlHitMaker////
A D/StPxlRawHitMaker////
A D/StPxlSimMaker////
A D/StPxlUtil////
A D/StQACosmicMaker////
A D/StRTSClient////
A D/StRawTpcQaMaker////
A D/StRchMaker////
A D/StRichDisplayMaker////
A D/StRichMixerMaker////
A D/StRichPIDMaker////
A D/StRichPool////
A D/StRichSpectraMaker////
A D/StRrsMaker////
A D/StSecondaryVertexMaker////
A D/StShadowMaker////
A D/StSmdstMaker////
A D/StSpectraMaker////
A D/StSpectraPool////
A D/StSpectraTagMaker////
A D/StSpinMaker////
A D/StSpinPool////
A D/StSsdClusterMaker////
A D/StSsdDaqMaker////
A D/StSsdDbMaker////
A D/StSsdEvalMaker////
A D/StSsdFastSimMaker////
A D/StSsdPointMaker////
A D/StSsdSimulationMaker////
A D/StSsdUtil////
A D/StSstDaqMaker////
A D/StSstPointMaker////
A D/StSstUtil////
A D/StStarLogger////
A D/StStgcDbMaker////
A D/StStgcHitMaker////
A D/StStgcQAMaker////
A D/StStrangeMuDstMaker////
A D/StStrangeTagsMaker////
A D/StSvtAlignMaker////
A D/StSvtCalibMaker////
A D/StSvtClassLibrary////
A D/StSvtClusterMaker////
A D/StSvtDaqMaker////
A D/StSvtDbMaker////
A D/StSvtPool////
A D/StSvtSelfMaker////
A D/StSvtSeqAdjMaker////
A D/StSvtSimulationMaker////
A D/StTableUtilities////
A D/StTagsMaker////
A D/StTofCalibMaker////
A D/StTofHitMaker////
A D/StTofMaker////
A D/StTofPool////
A D/StTofSimMaker////
A D/StTofUtil////
A D/StTofpMatchMaker////
A D/StTofrMatchMaker////
A D/StTpcCalibrationMaker////
A D/StTpcDb////
A D/StTpcEvalMaker////
A D/StTpcHitFilterMaker////
A D/StTpcHitMaker////
A D/StTpcHitMoverMaker////
A D/StTpcPool////
A D/StTpcRSMaker////
A D/StTpcT0Maker////
A D/StTpcTagMaker////
A D/StTreeMaker////
A D/StTrgDatFileReader////
A D/StTrgMaker////
A D/StTriggerDataMaker////
A D/StTriggerUtilities////
A D/StTrsMaker////
A D/StUCMApi////
A D/StUtilities////
A D/StV0MiniDstMaker////
A D/StVeloMaker////
A D/StVpdCalibMaker////
A D/StVpdSimMaker////
A D/StXTrakMaker////
A D/StZdcVertexMaker////
A D/St_QA_Maker////
A D/St_TLA_Maker////
A D/St_base////
A D/St_baseTest////
A D/St_ctf_Maker////
A D/St_db_Maker////
A D/St_dst_Maker////
A D/St_ebye_Maker////
A D/St_emc_Maker////
A D/St_ems_Maker////
A D/St_geant_Maker////
A D/St_geom_Maker////
A D/St_io_Maker////
A D/St_l3Clufi_Maker////
A D/St_l3t_Maker////
A D/St_mwc_Maker////
A D/St_pp2pp_Maker////
A D/St_rl0_Maker////
A D/St_sdm_Maker////
A D/St_smdst_Maker////
A D/St_srs_Maker////
A D/St_stk_Maker////
A D/St_tcl_Maker////
A D/St_tpcdaq_Maker////
A D/St_tpt_Maker////
A D/St_tptsts_Maker////
A D/St_trg_Maker////
A D/St_xdfin_Maker////
A D/Star2Root////
A D/StarClassLibrary////
A D/StarGenerator////
