This file was created by the fastjet contrib configure on Mon Nov 19 16:21:07 EST 2018

The command line invocation was

    ./configure --fastjet-config=/direct/star+u/robotmon/fastjet1/fastjet-3.3.0/fastjet-config --prefix=/direct/star+u/robotmon/fastjet1/fastjet_install CXXFLAGS=-m32 -fPIC -fno-inline CFLAGS=-m32 -fPIC -fno-inline LDFLAGS=-m32

        ClusteringVetoPlugin   v1.0.0
        ConstituentSubtractor  v1.3.1
        EnergyCorrelator       v1.3.1
        FlavorCone             v1.0.0
        GenericSubtractor      v1.3.1
        JetCleanser            v1.0.1
        JetFFMoments           v1.0.0
        JetsWithoutJets        v1.0.0
        LundPlane              v1.0.1
        Nsubjettiness          v2.2.5
        QCDAwarePlugin         v1.0.0
        RecursiveTools         v2.0.0-beta2
        ScJet                  v1.1.0
        SoftKiller             v1.0.0
        SubjetCounting         v1.0.1
        ValenciaPlugin         v2.0.0
        VariableR              v1.2.1

Installation prefix: /direct/star+u/robotmon/fastjet1/fastjet_install

